2022-02-14 08:44:01,743 ERROR: Exception on /auth/login [GET] [in /usr/local/lib/python3.7/site-packages/flask/app.py:1891]
Traceback (most recent call last):
  File "/usr/local/lib/python3.7/site-packages/flask/app.py", line 2446, in wsgi_app
    response = self.full_dispatch_request()
  File "/usr/local/lib/python3.7/site-packages/flask/app.py", line 1951, in full_dispatch_request
    rv = self.handle_user_exception(e)
  File "/usr/local/lib/python3.7/site-packages/flask/app.py", line 1820, in handle_user_exception
    reraise(exc_type, exc_value, tb)
  File "/usr/local/lib/python3.7/site-packages/flask/_compat.py", line 39, in reraise
    raise value
  File "/usr/local/lib/python3.7/site-packages/flask/app.py", line 1949, in full_dispatch_request
    rv = self.dispatch_request()
  File "/usr/local/lib/python3.7/site-packages/flask/app.py", line 1935, in dispatch_request
    return self.view_functions[rule.endpoint](**req.view_args)
  File "/home/ec2-user/environment/webApp/app/auth/routes.py", line 28, in login
    return render_template('auth/login.html', title=_('Sign In'), form=form)
  File "/usr/local/lib/python3.7/site-packages/flask/templating.py", line 138, in render_template
    ctx.app.jinja_env.get_or_select_template(template_name_or_list),
  File "/usr/local/lib/python3.7/site-packages/jinja2/environment.py", line 930, in get_or_select_template
    return self.get_template(template_name_or_list, parent, globals)
  File "/usr/local/lib/python3.7/site-packages/jinja2/environment.py", line 883, in get_template
    return self._load_template(name, self.make_globals(globals))
  File "/usr/local/lib/python3.7/site-packages/jinja2/environment.py", line 857, in _load_template
    template = self.loader.load(self, name, globals)
  File "/usr/local/lib/python3.7/site-packages/jinja2/loaders.py", line 129, in load
    code = environment.compile(source, name, filename)
  File "/usr/local/lib/python3.7/site-packages/jinja2/environment.py", line 638, in compile
    self.handle_exception(source=source_hint)
  File "/usr/local/lib/python3.7/site-packages/jinja2/environment.py", line 832, in handle_exception
    reraise(*rewrite_traceback_stack(source=source))
  File "/usr/local/lib/python3.7/site-packages/jinja2/_compat.py", line 28, in reraise
    raise value.with_traceback(tb)
  File "/home/ec2-user/environment/webApp/app/templates/auth/login.html", line 268, in template
    {% endblock %}
jinja2.exceptions.TemplateSyntaxError: Encountered unknown tag 'endblock'.
2022-02-14 08:44:31,235 INFO: Microblog startup [in /home/ec2-user/environment/webApp/app/__init__.py:74]
2022-02-14 08:44:33,885 ERROR: Exception on /auth/login [GET] [in /usr/local/lib/python3.7/site-packages/flask/app.py:1891]
Traceback (most recent call last):
  File "/usr/local/lib/python3.7/site-packages/flask/app.py", line 2446, in wsgi_app
    response = self.full_dispatch_request()
  File "/usr/local/lib/python3.7/site-packages/flask/app.py", line 1951, in full_dispatch_request
    rv = self.handle_user_exception(e)
  File "/usr/local/lib/python3.7/site-packages/flask/app.py", line 1820, in handle_user_exception
    reraise(exc_type, exc_value, tb)
  File "/usr/local/lib/python3.7/site-packages/flask/_compat.py", line 39, in reraise
    raise value
  File "/usr/local/lib/python3.7/site-packages/flask/app.py", line 1949, in full_dispatch_request
    rv = self.dispatch_request()
  File "/usr/local/lib/python3.7/site-packages/flask/app.py", line 1935, in dispatch_request
    return self.view_functions[rule.endpoint](**req.view_args)
  File "/home/ec2-user/environment/webApp/app/auth/routes.py", line 28, in login
    return render_template('auth/login.html', title=_('Sign In'), form=form)
  File "/usr/local/lib/python3.7/site-packages/flask/templating.py", line 138, in render_template
    ctx.app.jinja_env.get_or_select_template(template_name_or_list),
  File "/usr/local/lib/python3.7/site-packages/jinja2/environment.py", line 930, in get_or_select_template
    return self.get_template(template_name_or_list, parent, globals)
  File "/usr/local/lib/python3.7/site-packages/jinja2/environment.py", line 883, in get_template
    return self._load_template(name, self.make_globals(globals))
  File "/usr/local/lib/python3.7/site-packages/jinja2/environment.py", line 857, in _load_template
    template = self.loader.load(self, name, globals)
  File "/usr/local/lib/python3.7/site-packages/jinja2/loaders.py", line 129, in load
    code = environment.compile(source, name, filename)
  File "/usr/local/lib/python3.7/site-packages/jinja2/environment.py", line 638, in compile
    self.handle_exception(source=source_hint)
  File "/usr/local/lib/python3.7/site-packages/jinja2/environment.py", line 832, in handle_exception
    reraise(*rewrite_traceback_stack(source=source))
  File "/usr/local/lib/python3.7/site-packages/jinja2/_compat.py", line 28, in reraise
    raise value.with_traceback(tb)
  File "/home/ec2-user/environment/webApp/app/templates/auth/login.html", line 363, in template
    {% endblock %}
jinja2.exceptions.TemplateSyntaxError: Encountered unknown tag 'endblock'.
2022-02-14 08:45:32,100 INFO: Microblog startup [in /home/ec2-user/environment/webApp/app/__init__.py:74]
2022-02-14 08:47:15,131 INFO: Microblog startup [in /home/ec2-user/environment/webApp/app/__init__.py:74]
2022-02-14 08:48:31,215 INFO: Microblog startup [in /home/ec2-user/environment/webApp/app/__init__.py:74]
2022-02-14 08:50:45,769 INFO: Microblog startup [in /home/ec2-user/environment/webApp/app/__init__.py:74]
2022-02-14 08:52:48,636 INFO: Microblog startup [in /home/ec2-user/environment/webApp/app/__init__.py:74]
2022-02-14 09:19:52,369 INFO: Microblog startup [in /home/ec2-user/environment/webApp/app/__init__.py:74]
2022-02-14 09:20:41,553 INFO: Microblog startup [in /home/ec2-user/environment/webApp/app/__init__.py:74]
2022-02-14 09:21:14,468 INFO: Microblog startup [in /home/ec2-user/environment/webApp/app/__init__.py:74]
2022-02-14 09:22:20,742 INFO: Microblog startup [in /home/ec2-user/environment/webApp/app/__init__.py:74]
2022-02-14 09:23:10,293 INFO: Microblog startup [in /home/ec2-user/environment/webApp/app/__init__.py:74]
2022-02-14 09:26:04,440 INFO: Microblog startup [in /home/ec2-user/environment/webApp/app/__init__.py:74]
2022-02-14 09:27:50,137 INFO: Microblog startup [in /home/ec2-user/environment/webApp/app/__init__.py:74]
2022-02-14 09:28:16,293 INFO: Microblog startup [in /home/ec2-user/environment/webApp/app/__init__.py:74]
2022-02-14 09:28:52,245 INFO: Microblog startup [in /home/ec2-user/environment/webApp/app/__init__.py:74]
2022-02-14 09:29:33,592 INFO: Microblog startup [in /home/ec2-user/environment/webApp/app/__init__.py:74]
